# JRE version: Java(TM) SE Runtime Environment (8.0_144-b01) (build 1.8.0_144-b01)
# Java VM: Java HotSpot(TM) 64-Bit Server VM (25.144-b01 mixed mode linux-amd64 compressed oops)
Heap:
 PSYoungGen      total 133120K, used 29152K [0x00000000ebf00000, 0x00000000f9d80000, 0x0000000100000000)
  eden space 103936K, 0% used [0x00000000ebf00000,0x00000000ebf00000,0x00000000f2480000)
  from space 29184K, 99% used [0x00000000f2480000,0x00000000f40f8120,0x00000000f4100000)
  to   space 34304K, 0% used [0x00000000f7c00000,0x00000000f7c00000,0x00000000f9d80000)
 ParOldGen       total 314368K, used 313828K [0x00000000c3c00000, 0x00000000d6f00000, 0x00000000ebf00000)
  object space 314368K, 99% used [0x00000000c3c00000,0x00000000d6e79020,0x00000000d6f00000)
 Metaspace       used 3222K, capacity 4490K, committed 4864K, reserved 1056768K
  class space    used 365K, capacity 386K, committed 512K, reserved 1048576K
GC Heap History (10 events):
Event: 4.330 GC heap after
Heap after GC invocations=10 (full 3):
 PSYoungGen      total 76800K, used 19421K [0x00000000ebf00000, 0x00000000f5880000, 0x0000000100000000)
  eden space 57344K, 0% used [0x00000000ebf00000,0x00000000ebf00000,0x00000000ef700000)
  from space 19456K, 99% used [0x00000000ef700000,0x00000000f09f7750,0x00000000f0a00000)
  to   space 24064K, 0% used [0x00000000f4100000,0x00000000f4100000,0x00000000f5880000)
 ParOldGen       total 163840K, used 163768K [0x00000000c3c00000, 0x00000000cdc00000, 0x00000000ebf00000)
  object space 163840K, 99% used [0x00000000c3c00000,0x00000000cdbee020,0x00000000cdc00000)
 Metaspace       used 3222K, capacity 4490K, committed 4864K, reserved 1056768K
  class space    used 365K, capacity 386K, committed 512K, reserved 1048576K
}
Event: 4.330 GC heap before
{Heap before GC invocations=11 (full 4):
 PSYoungGen      total 76800K, used 19421K [0x00000000ebf00000, 0x00000000f5880000, 0x0000000100000000)
  eden space 57344K, 0% used [0x00000000ebf00000,0x00000000ebf00000,0x00000000ef700000)
  from space 19456K, 99% used [0x00000000ef700000,0x00000000f09f7750,0x00000000f0a00000)
  to   space 24064K, 0% used [0x00000000f4100000,0x00000000f4100000,0x00000000f5880000)
 ParOldGen       total 163840K, used 163768K [0x00000000c3c00000, 0x00000000cdc00000, 0x00000000ebf00000)
  object space 163840K, 99% used [0x00000000c3c00000,0x00000000cdbee020,0x00000000cdc00000)
 Metaspace       used 3222K, capacity 4490K, committed 4864K, reserved 1056768K
  class space    used 365K, capacity 386K, committed 512K, reserved 1048576K
Event: 4.336 GC heap after
Heap after GC invocations=11 (full 4):
 PSYoungGen      total 76800K, used 19421K [0x00000000ebf00000, 0x00000000f5880000, 0x0000000100000000)
  eden space 57344K, 0% used [0x00000000ebf00000,0x00000000ebf00000,0x00000000ef700000)
  from space 19456K, 99% used [0x00000000ef700000,0x00000000f09f7750,0x00000000f0a00000)
  to   space 24064K, 0% used [0x00000000f4100000,0x00000000f4100000,0x00000000f5880000)
 ParOldGen       total 227328K, used 163768K [0x00000000c3c00000, 0x00000000d1a00000, 0x00000000ebf00000)
  object space 227328K, 72% used [0x00000000c3c00000,0x00000000cdbee020,0x00000000d1a00000)
 Metaspace       used 3222K, capacity 4490K, committed 4864K, reserved 1056768K
  class space    used 365K, capacity 386K, committed 512K, reserved 1048576K
}
Event: 4.354 GC heap before
{Heap before GC invocations=12 (full 4):
 PSYoungGen      total 76800K, used 76765K [0x00000000ebf00000, 0x00000000f5880000, 0x0000000100000000)
  eden space 57344K, 100% used [0x00000000ebf00000,0x00000000ef700000,0x00000000ef700000)
  from space 19456K, 99% used [0x00000000ef700000,0x00000000f09f7750,0x00000000f0a00000)
  to   space 24064K, 0% used [0x00000000f4100000,0x00000000f4100000,0x00000000f5880000)
 ParOldGen       total 227328K, used 163768K [0x00000000c3c00000, 0x00000000d1a00000, 0x00000000ebf00000)
  object space 227328K, 72% used [0x00000000c3c00000,0x00000000cdbee020,0x00000000d1a00000)
 Metaspace       used 3222K, capacity 4490K, committed 4864K, reserved 1056768K
  class space    used 365K, capacity 386K, committed 512K, reserved 1048576K
Event: 4.425 GC heap after
Heap after GC invocations=12 (full 4):
 PSYoungGen      total 128000K, used 24033K [0x00000000ebf00000, 0x00000000f6300000, 0x0000000100000000)
  eden space 103936K, 0% used [0x00000000ebf00000,0x00000000ebf00000,0x00000000f2480000)
  from space 24064K, 99% used [0x00000000f4100000,0x00000000f5878430,0x00000000f5880000)
  to   space 29184K, 0% used [0x00000000f2480000,0x00000000f2480000,0x00000000f4100000)
 ParOldGen       total 227328K, used 216210K [0x00000000c3c00000, 0x00000000d1a00000, 0x00000000ebf00000)
  object space 227328K, 95% used [0x00000000c3c00000,0x00000000d0f24b80,0x00000000d1a00000)
 Metaspace       used 3222K, capacity 4490K, committed 4864K, reserved 1056768K
  class space    used 365K, capacity 386K, committed 512K, reserved 1048576K
}
Event: 4.425 GC heap before
{Heap before GC invocations=13 (full 5):
 PSYoungGen      total 128000K, used 24033K [0x00000000ebf00000, 0x00000000f6300000, 0x0000000100000000)
  eden space 103936K, 0% used [0x00000000ebf00000,0x00000000ebf00000,0x00000000f2480000)
  from space 24064K, 99% used [0x00000000f4100000,0x00000000f5878430,0x00000000f5880000)
  to   space 29184K, 0% used [0x00000000f2480000,0x00000000f2480000,0x00000000f4100000)
 ParOldGen       total 227328K, used 216210K [0x00000000c3c00000, 0x00000000d1a00000, 0x00000000ebf00000)
  object space 227328K, 95% used [0x00000000c3c00000,0x00000000d0f24b80,0x00000000d1a00000)
 Metaspace       used 3222K, capacity 4490K, committed 4864K, reserved 1056768K
  class space    used 365K, capacity 386K, committed 512K, reserved 1048576K
Event: 4.442 GC heap after
Heap after GC invocations=13 (full 5):
 PSYoungGen      total 128000K, used 13247K [0x00000000ebf00000, 0x00000000f6300000, 0x0000000100000000)
  eden space 103936K, 0% used [0x00000000ebf00000,0x00000000ebf00000,0x00000000f2480000)
  from space 24064K, 55% used [0x00000000f4100000,0x00000000f4defdf0,0x00000000f5880000)
  to   space 29184K, 0% used [0x00000000f2480000,0x00000000f2480000,0x00000000f4100000)
 ParOldGen       total 303104K, used 226996K [0x00000000c3c00000, 0x00000000d6400000, 0x00000000ebf00000)
  object space 303104K, 74% used [0x00000000c3c00000,0x00000000d19ad1c0,0x00000000d6400000)
 Metaspace       used 3222K, capacity 4490K, committed 4864K, reserved 1056768K
  class space    used 365K, capacity 386K, committed 512K, reserved 1048576K
}
Event: 4.474 GC heap before
{Heap before GC invocations=14 (full 5):
 PSYoungGen      total 128000K, used 117183K [0x00000000ebf00000, 0x00000000f6300000, 0x0000000100000000)
  eden space 103936K, 100% used [0x00000000ebf00000,0x00000000f2480000,0x00000000f2480000)
  from space 24064K, 55% used [0x00000000f4100000,0x00000000f4defdf0,0x00000000f5880000)
  to   space 29184K, 0% used [0x00000000f2480000,0x00000000f2480000,0x00000000f4100000)
 ParOldGen       total 303104K, used 226996K [0x00000000c3c00000, 0x00000000d6400000, 0x00000000ebf00000)
  object space 303104K, 74% used [0x00000000c3c00000,0x00000000d19ad1c0,0x00000000d6400000)
 Metaspace       used 3222K, capacity 4490K, committed 4864K, reserved 1056768K
  class space    used 365K, capacity 386K, committed 512K, reserved 1048576K
Event: 4.566 GC heap after
Heap after GC invocations=14 (full 5):
 PSYoungGen      total 133120K, used 29152K [0x00000000ebf00000, 0x00000000f9d80000, 0x0000000100000000)
  eden space 103936K, 0% used [0x00000000ebf00000,0x00000000ebf00000,0x00000000f2480000)
  from space 29184K, 99% used [0x00000000f2480000,0x00000000f40f8120,0x00000000f4100000)
  to   space 34304K, 0% used [0x00000000f7c00000,0x00000000f7c00000,0x00000000f9d80000)
 ParOldGen       total 314368K, used 313828K [0x00000000c3c00000, 0x00000000d6f00000, 0x00000000ebf00000)
  object space 314368K, 99% used [0x00000000c3c00000,0x00000000d6e79020,0x00000000d6f00000)
 Metaspace       used 3222K, capacity 4490K, committed 4864K, reserved 1056768K
  class space    used 365K, capacity 386K, committed 512K, reserved 1048576K
}
Event: 4.567 GC heap before
{Heap before GC invocations=15 (full 6):
 PSYoungGen      total 133120K, used 29152K [0x00000000ebf00000, 0x00000000f9d80000, 0x0000000100000000)
  eden space 103936K, 0% used [0x00000000ebf00000,0x00000000ebf00000,0x00000000f2480000)
  from space 29184K, 99% used [0x00000000f2480000,0x00000000f40f8120,0x00000000f4100000)
  to   space 34304K, 0% used [0x00000000f7c00000,0x00000000f7c00000,0x00000000f9d80000)
 ParOldGen       total 314368K, used 313828K [0x00000000c3c00000, 0x00000000d6f00000, 0x00000000ebf00000)
  object space 314368K, 99% used [0x00000000c3c00000,0x00000000d6e79020,0x00000000d6f00000)
 Metaspace       used 3222K, capacity 4490K, committed 4864K, reserved 1056768K
  class space    used 365K, capacity 386K, committed 512K, reserved 1048576K

