# JRE version: Java(TM) SE Runtime Environment (8.0_144-b01) (build 1.8.0_144-b01)
# Java VM: Java HotSpot(TM) 64-Bit Server VM (25.144-b01 mixed mode linux-amd64 compressed oops)
Heap:
 PSYoungGen      total 173568K, used 12231K [0x00000000ebf00000, 0x00000000fb180000, 0x0000000100000000)
  eden space 125952K, 0% used [0x00000000ebf00000,0x00000000ebf00000,0x00000000f3a00000)
  from space 47616K, 25% used [0x00000000f7080000,0x00000000f7c71dd0,0x00000000f9f00000)
  to   space 55808K, 0% used [0x00000000f3a00000,0x00000000f3a00000,0x00000000f7080000)
 ParOldGen       total 537088K, used 536896K [0x00000000c3c00000, 0x00000000e4880000, 0x00000000ebf00000)
  object space 537088K, 99% used [0x00000000c3c00000,0x00000000e48503b8,0x00000000e4880000)
 Metaspace       used 3225K, capacity 4490K, committed 4864K, reserved 1056768K
  class space    used 365K, capacity 386K, committed 512K, reserved 1048576K
GC Heap History (10 events):
Event: 4.619 GC heap after
Heap after GC invocations=15 (full 6):
 PSYoungGen      total 100864K, used 0K [0x00000000ebf00000, 0x00000000f6500000, 0x0000000100000000)
  eden space 71680K, 0% used [0x00000000ebf00000,0x00000000ebf00000,0x00000000f0500000)
  from space 29184K, 0% used [0x00000000f0500000,0x00000000f0500000,0x00000000f2180000)
  to   space 34304K, 0% used [0x00000000f4380000,0x00000000f4380000,0x00000000f6500000)
 ParOldGen       total 383488K, used 288349K [0x00000000c3c00000, 0x00000000db280000, 0x00000000ebf00000)
  object space 383488K, 75% used [0x00000000c3c00000,0x00000000d5597460,0x00000000db280000)
 Metaspace       used 3224K, capacity 4490K, committed 4864K, reserved 1056768K
  class space    used 365K, capacity 386K, committed 512K, reserved 1048576K
}
Event: 4.647 GC heap before
{Heap before GC invocations=16 (full 6):
 PSYoungGen      total 100864K, used 71680K [0x00000000ebf00000, 0x00000000f6500000, 0x0000000100000000)
  eden space 71680K, 100% used [0x00000000ebf00000,0x00000000f0500000,0x00000000f0500000)
  from space 29184K, 0% used [0x00000000f0500000,0x00000000f0500000,0x00000000f2180000)
  to   space 34304K, 0% used [0x00000000f4380000,0x00000000f4380000,0x00000000f6500000)
 ParOldGen       total 383488K, used 288349K [0x00000000c3c00000, 0x00000000db280000, 0x00000000ebf00000)
  object space 383488K, 75% used [0x00000000c3c00000,0x00000000d5597460,0x00000000db280000)
 Metaspace       used 3224K, capacity 4490K, committed 4864K, reserved 1056768K
  class space    used 365K, capacity 386K, committed 512K, reserved 1048576K
Event: 4.680 GC heap after
Heap after GC invocations=16 (full 6):
 PSYoungGen      total 129536K, used 34271K [0x00000000ebf00000, 0x00000000f7000000, 0x0000000100000000)
  eden space 95232K, 0% used [0x00000000ebf00000,0x00000000ebf00000,0x00000000f1c00000)
  from space 34304K, 99% used [0x00000000f4380000,0x00000000f64f7e10,0x00000000f6500000)
  to   space 40448K, 0% used [0x00000000f1c00000,0x00000000f1c00000,0x00000000f4380000)
 ParOldGen       total 383488K, used 325434K [0x00000000c3c00000, 0x00000000db280000, 0x00000000ebf00000)
  object space 383488K, 84% used [0x00000000c3c00000,0x00000000d79ce8f0,0x00000000db280000)
 Metaspace       used 3224K, capacity 4490K, committed 4864K, reserved 1056768K
  class space    used 365K, capacity 386K, committed 512K, reserved 1048576K
}
Event: 4.714 GC heap before
{Heap before GC invocations=17 (full 6):
 PSYoungGen      total 129536K, used 129503K [0x00000000ebf00000, 0x00000000f7000000, 0x0000000100000000)
  eden space 95232K, 100% used [0x00000000ebf00000,0x00000000f1c00000,0x00000000f1c00000)
  from space 34304K, 99% used [0x00000000f4380000,0x00000000f64f7e10,0x00000000f6500000)
  to   space 40448K, 0% used [0x00000000f1c00000,0x00000000f1c00000,0x00000000f4380000)
 ParOldGen       total 383488K, used 325434K [0x00000000c3c00000, 0x00000000db280000, 0x00000000ebf00000)
  object space 383488K, 84% used [0x00000000c3c00000,0x00000000d79ce8f0,0x00000000db280000)
 Metaspace       used 3225K, capacity 4490K, committed 4864K, reserved 1056768K
  class space    used 365K, capacity 386K, committed 512K, reserved 1048576K
Event: 4.774 GC heap after
Heap after GC invocations=17 (full 6):
 PSYoungGen      total 135680K, used 40438K [0x00000000ebf00000, 0x00000000f9f00000, 0x0000000100000000)
  eden space 95232K, 0% used [0x00000000ebf00000,0x00000000ebf00000,0x00000000f1c00000)
  from space 40448K, 99% used [0x00000000f1c00000,0x00000000f437db20,0x00000000f4380000)
  to   space 47616K, 0% used [0x00000000f7080000,0x00000000f7080000,0x00000000f9f00000)
 ParOldGen       total 414720K, used 414102K [0x00000000c3c00000, 0x00000000dd100000, 0x00000000ebf00000)
  object space 414720K, 99% used [0x00000000c3c00000,0x00000000dd065a00,0x00000000dd100000)
 Metaspace       used 3225K, capacity 4490K, committed 4864K, reserved 1056768K
  class space    used 365K, capacity 386K, committed 512K, reserved 1048576K
}
Event: 4.774 GC heap before
{Heap before GC invocations=18 (full 7):
 PSYoungGen      total 135680K, used 40438K [0x00000000ebf00000, 0x00000000f9f00000, 0x0000000100000000)
  eden space 95232K, 0% used [0x00000000ebf00000,0x00000000ebf00000,0x00000000f1c00000)
  from space 40448K, 99% used [0x00000000f1c00000,0x00000000f437db20,0x00000000f4380000)
  to   space 47616K, 0% used [0x00000000f7080000,0x00000000f7080000,0x00000000f9f00000)
 ParOldGen       total 414720K, used 414102K [0x00000000c3c00000, 0x00000000dd100000, 0x00000000ebf00000)
  object space 414720K, 99% used [0x00000000c3c00000,0x00000000dd065a00,0x00000000dd100000)
 Metaspace       used 3225K, capacity 4490K, committed 4864K, reserved 1056768K
  class space    used 365K, capacity 386K, committed 512K, reserved 1048576K
Event: 4.813 GC heap after
Heap after GC invocations=18 (full 7):
 PSYoungGen      total 135680K, used 39870K [0x00000000ebf00000, 0x00000000f9f00000, 0x0000000100000000)
  eden space 95232K, 0% used [0x00000000ebf00000,0x00000000ebf00000,0x00000000f1c00000)
  from space 40448K, 98% used [0x00000000f1c00000,0x00000000f42efa98,0x00000000f4380000)
  to   space 47616K, 0% used [0x00000000f7080000,0x00000000f7080000,0x00000000f9f00000)
 ParOldGen       total 537088K, used 414649K [0x00000000c3c00000, 0x00000000e4880000, 0x00000000ebf00000)
  object space 537088K, 77% used [0x00000000c3c00000,0x00000000dd0ee660,0x00000000e4880000)
 Metaspace       used 3225K, capacity 4490K, committed 4864K, reserved 1056768K
  class space    used 365K, capacity 386K, committed 512K, reserved 1048576K
}
Event: 4.835 GC heap before
{Heap before GC invocations=19 (full 7):
 PSYoungGen      total 135680K, used 135102K [0x00000000ebf00000, 0x00000000f9f00000, 0x0000000100000000)
  eden space 95232K, 100% used [0x00000000ebf00000,0x00000000f1c00000,0x00000000f1c00000)
  from space 40448K, 98% used [0x00000000f1c00000,0x00000000f42efa98,0x00000000f4380000)
  to   space 47616K, 0% used [0x00000000f7080000,0x00000000f7080000,0x00000000f9f00000)
 ParOldGen       total 537088K, used 414649K [0x00000000c3c00000, 0x00000000e4880000, 0x00000000ebf00000)
  object space 537088K, 77% used [0x00000000c3c00000,0x00000000dd0ee660,0x00000000e4880000)
 Metaspace       used 3225K, capacity 4490K, committed 4864K, reserved 1056768K
  class space    used 365K, capacity 386K, committed 512K, reserved 1048576K
Event: 5.954 GC heap after
Heap after GC invocations=19 (full 7):
 PSYoungGen      total 173568K, used 47597K [0x00000000ebf00000, 0x00000000fb180000, 0x0000000100000000)
  eden space 125952K, 0% used [0x00000000ebf00000,0x00000000ebf00000,0x00000000f3a00000)
  from space 47616K, 99% used [0x00000000f7080000,0x00000000f9efb4a0,0x00000000f9f00000)
  to   space 55808K, 0% used [0x00000000f3a00000,0x00000000f3a00000,0x00000000f7080000)
 ParOldGen       total 537088K, used 501536K [0x00000000c3c00000, 0x00000000e4880000, 0x00000000ebf00000)
  object space 537088K, 93% used [0x00000000c3c00000,0x00000000e25c8120,0x00000000e4880000)
 Metaspace       used 3225K, capacity 4490K, committed 4864K, reserved 1056768K
  class space    used 365K, capacity 386K, committed 512K, reserved 1048576K
}
Event: 8.022 GC heap before
{Heap before GC invocations=20 (full 8):
 PSYoungGen      total 173568K, used 47597K [0x00000000ebf00000, 0x00000000fb180000, 0x0000000100000000)
  eden space 125952K, 0% used [0x00000000ebf00000,0x00000000ebf00000,0x00000000f3a00000)
  from space 47616K, 99% used [0x00000000f7080000,0x00000000f9efb4a0,0x00000000f9f00000)
  to   space 55808K, 0% used [0x00000000f3a00000,0x00000000f3a00000,0x00000000f7080000)
 ParOldGen       total 537088K, used 501536K [0x00000000c3c00000, 0x00000000e4880000, 0x00000000ebf00000)
  object space 537088K, 93% used [0x00000000c3c00000,0x00000000e25c8120,0x00000000e4880000)
 Metaspace       used 3225K, capacity 4490K, committed 4864K, reserved 1056768K
  class space    used 365K, capacity 386K, committed 512K, reserved 1048576K

